<?xml version="1.0" encoding="UTF-8"?>
<robot generator="Robot 7.3.2 (Python 3.12.10 on win32)" generated="2025-12-08T17:16:40.553220" rpa="false" schemaversion="5">
<suite id="s1" name="API 1" source="C:\Users\Yusuf\PycharmProjects\RESTAPI_RF\tests\API_1.robot">
<test id="s1-t1" name="API 2: POST To All Products List" line="6">
<kw name="Post Products List Should Return 405" owner="Api">
<msg time="2025-12-08T17:16:41.746718" level="INFO">${result} = {'responseCode': 405, 'message': 'This request method is not supported.'}</msg>
<var>${result}</var>
<status status="PASS" start="2025-12-08T17:16:40.635869" elapsed="1.110849"/>
</kw>
<kw name="Should Be Equal As Integers" owner="BuiltIn">
<msg time="2025-12-08T17:16:41.748291" level="INFO">Argument types are:
&lt;class 'int'&gt;
&lt;class 'str'&gt;</msg>
<arg>${result["responseCode"]}</arg>
<arg>405</arg>
<doc>Fails if objects are unequal after converting them to integers.</doc>
<status status="PASS" start="2025-12-08T17:16:41.748291" elapsed="0.001557"/>
</kw>
<tag>api</tag>
<tag>regression</tag>
<status status="PASS" start="2025-12-08T17:16:40.634863" elapsed="1.114985"/>
</test>
<status status="PASS" start="2025-12-08T17:16:40.554226" elapsed="1.197643"/>
</suite>
<statistics>
<total>
<stat pass="1" fail="0" skip="0">All Tests</stat>
</total>
<tag>
<stat pass="1" fail="0" skip="0">api</stat>
<stat pass="1" fail="0" skip="0">regression</stat>
</tag>
<suite>
<stat name="API 1" id="s1" pass="1" fail="0" skip="0">API 1</stat>
</suite>
</statistics>
<errors>
</errors>
</robot>
